End of file encountered while parsing (tag "A" with attributes href=template.htm?">). 
End of file encountered while parsing (tag "A" with attributes href=template.htm?" +>). 
End of file encountered while parsing (tag "A" with attributes href=template.htm?" + +>). 
End of file encountered while parsing (tag "A" with attributes href=template.htm?" +>). 
End of file encountered while parsing (tag "A" with attributes href=">). 
End of file encountered while parsing (tag "A" with attributes href=" +>). 
End of file encountered while parsing (tag "A" with attributes href=" + templateFileName>). 
End of file encountered while parsing (tag "A" with attributes href=" + templateFileName +>). 
End of file encountered while parsing (tag "A" with attributes href=">). 
End of file encountered while parsing (tag "A" with attributes href=" +>). 
End of file encountered while parsing (tag "A" with attributes href=" + templateFileName>). 
End of file encountered while parsing (tag "A" with attributes href=" + templateFileName +>). 
End of file encountered while parsing (tag "A" with attributes href=" + templateFileName + "?">). 
End of file encountered while parsing (tag "A" with attributes href=" + templateFileName + "?" +>). 
End of file encountered while parsing (tag "A" with attributes href=" + templateFileName + "?" + arrL4[z][5]>). 
End of file encountered while parsing (tag "A" with attributes href=" + templateFileName + "?" + arrL4[z][5] +>). 
End of file encountered while parsing (tag "A" with attributes onClick="strURL)'>). 
End of file encountered while parsing (tag "A" with attributes onClick=" +strURL)'>). 
End of file encountered while parsing (tag "A" with attributes onClick=" + strURL)'>). 
End of file encountered while parsing (tag "A" with attributes onClick=" + strURL +)'>). 
Invalid character ({) encountered while parsing (tag "ARRL1.LENGTH;I++)" with attributes). 
Invalid character ({) encountered while parsing (tag "ARRL1.LENGTH;I++)" with attributes). 
Invalid character ({) encountered while parsing (tag "ARRL1.LENGTH;I++)" with attributes). 
Invalid character ({) encountered while parsing (tag "ARRL2.LENGTH;K++)" with attributes). 
Invalid character ({) encountered while parsing (tag "ARRL2.LENGTH;K++)" with attributes). 
Invalid character ({) encountered while parsing (tag "ARRL3.LENGTH;M++)" with attributes). 
Invalid character ({) encountered while parsing (tag "ARRL3.LENGTH;M++)" with attributes). 
Invalid character ({) encountered while parsing (tag "ARRL4.LENGTH;Z++)" with attributes). 
Invalid character ({) encountered while parsing (tag "ARRL4.LENGTH;Z++)" with attributes). 
Invalid character ({) encountered while parsing (tag "ARRL4.LENGTH;Z++)" with attributes). 
Invalid character ({) encountered while parsing (tag "ARRL4.LENGTH;Z++)" with attributes). 
